<?xml version="1.0" encoding="UTF-8"?>
<testng-results ignored="0" total="1" passed="1" failed="0" skipped="0">
  <reporter-output>
  </reporter-output>
  <suite started-at="2022-06-08T20:21:32 IST" name="Default suite" finished-at="2022-06-08T20:21:58 IST" duration-ms="26456">
    <groups>
    </groups>
    <test started-at="2022-06-08T20:21:32 IST" name="Default test" finished-at="2022-06-08T20:21:58 IST" duration-ms="26456">
      <class name="Amazon.AmazonTest.AmazonTest">
        <test-method signature="amazonTest()[pri:0, instance:Amazon.AmazonTest.AmazonTest@42e99e4a]" started-at="2022-06-08T20:21:32 IST" name="amazonTest" finished-at="2022-06-08T20:21:58 IST" duration-ms="26325" status="PASS">
          <reporter-output>
          </reporter-output>
        </test-method> <!-- amazonTest -->
      </class> <!-- Amazon.AmazonTest.AmazonTest -->
    </test> <!-- Default test -->
  </suite> <!-- Default suite -->
</testng-results>
